<?xml version="1.0" encoding="UTF-8"?>
<!-- Generated by org.testng.reporters.JUnitReportReporter -->
<testsuite hostname="LAINPU1502-0086" failures="0" tests="6" name="com.springernature.OrangeHRM_Login_Param" time="30.780" errors="0" timestamp="2022-03-16T11:53:35 IST" skipped="0">
  <testcase classname="com.springernature.OrangeHRM_Login_Param" name="Login" time="10.198"/>
  <system-out/>
  <testcase classname="com.springernature.OrangeHRM_Login_Param" name="Login" time="10.315"/>
  <system-out/>
  <testcase classname="com.springernature.OrangeHRM_Login_Param" name="flogin_Param" time="0.001"/>
  <system-out/>
  <testcase classname="com.springernature.OrangeHRM_Login_Param" name="Login" time="10.261"/>
  <system-out/>
  <testcase classname="com.springernature.OrangeHRM_Login_Param" name="flogin_Param" time="0.002"/>
  <system-out/>
  <testcase classname="com.springernature.OrangeHRM_Login_Param" name="flogin_Param" time="0.003"/>
  <system-out/>
</testsuite> <!-- com.springernature.OrangeHRM_Login_Param -->
