<?xml version="1.0" encoding="UTF-8"?>
<!-- Generated by org.testng.reporters.JUnitReportReporter -->
<testsuite hostname="LAINPU1502-0086" failures="0" tests="3" name="com.springernature.OrangeHRM_DeleteUser_UsingWebtaable" time="22.367" errors="0" timestamp="2022-03-24T10:22:45 IST" skipped="0">
  <testcase classname="com.springernature.OrangeHRM_DeleteUser_UsingWebtaable" name="Employeelist" time="2.218"/>
  <system-out/>
  <testcase classname="com.springernature.OrangeHRM_DeleteUser_UsingWebtaable" name="Add_Employee" time="12.128"/>
  <system-out/>
  <testcase classname="com.springernature.OrangeHRM_DeleteUser_UsingWebtaable" name="Delete_Employees" time="8.021"/>
  <system-out/>
</testsuite> <!-- com.springernature.OrangeHRM_DeleteUser_UsingWebtaable -->
