<?xml version="1.0" encoding="UTF-8"?>
<!-- Generated by org.testng.reporters.JUnitReportReporter -->
<testsuite hostname="LAINPU1502-0086" failures="0" tests="1" name="com.springernature.Read_DataFrom_Json" time="23.591" errors="0" timestamp="2022-03-22T10:11:40 IST" skipped="0">
  <testcase classname="com.springernature.Read_DataFrom_Json" name="Flight_Login" time="23.591"/>
  <system-out/>
</testsuite> <!-- com.springernature.Read_DataFrom_Json -->
