<?xml version="1.0" encoding="UTF-8"?>
<!-- Generated by org.testng.reporters.JUnitReportReporter -->
<testsuite hostname="LAINPU1502-0086" failures="0" tests="1" name="com.springernature.OrangeHRM_Testng" time="4.086" errors="0" timestamp="2022-03-14T10:21:46 IST" skipped="0">
  <testcase classname="com.springernature.OrangeHRM_Testng" name="fLogin" time="4.086"/>
  <system-out/>
</testsuite> <!-- com.springernature.OrangeHRM_Testng -->
