<?xml version="1.0" encoding="UTF-8"?>
<!-- Generated by org.testng.reporters.JUnitReportReporter -->
<testsuite hostname="LAINPU1502-0086" failures="0" tests="3" name="com.springernature.OrangeHRM_Testng__Alert_Examples" time="15.788" errors="0" timestamp="2022-03-17T12:00:24 IST" skipped="0">
  <testcase classname="com.springernature.OrangeHRM_Testng__Alert_Examples" name="VerifyJsAlert" time="4.710"/>
  <system-out/>
  <testcase classname="com.springernature.OrangeHRM_Testng__Alert_Examples" name="VerifyJsConfirmAlert" time="4.707"/>
  <system-out/>
  <testcase classname="com.springernature.OrangeHRM_Testng__Alert_Examples" name="VerifyJsPromptAlert" time="6.371"/>
  <system-out/>
</testsuite> <!-- com.springernature.OrangeHRM_Testng__Alert_Examples -->
