<?xml version="1.0" encoding="UTF-8"?>
<!-- Generated by org.testng.reporters.JUnitReportReporter -->
<testsuite hostname="LAINPU1502-0086" failures="0" tests="1" name="com.springernature.Read_DataFrom_PropertiesFile" time="18.398" errors="0" timestamp="2022-03-22T10:31:46 IST" skipped="0">
  <testcase classname="com.springernature.Read_DataFrom_PropertiesFile" name="Flight_Login" time="18.398"/>
  <system-out/>
</testsuite> <!-- com.springernature.Read_DataFrom_PropertiesFile -->
