<?xml version="1.0" encoding="UTF-8"?>
<!-- Generated by org.testng.reporters.JUnitReportReporter -->
<testsuite hostname="LAINPU1502-0086" failures="0" tests="1" name="com.springernature.Webpage_Pagination_Example" time="39.011" errors="0" timestamp="2022-03-24T11:13:56 IST" skipped="0">
  <testcase classname="com.springernature.Webpage_Pagination_Example" name="Pagination_Example" time="39.011"/>
  <system-out/>
</testsuite> <!-- com.springernature.Webpage_Pagination_Example -->
