<?xml version="1.0" encoding="UTF-8"?>
<!-- Generated by org.testng.reporters.JUnitReportReporter -->
<testsuite hostname="LAINPU1502-0086" failures="0" tests="3" name="com.springernature.SelectCheckboxExample" time="22.912" errors="0" timestamp="2022-03-23T09:08:27 IST" skipped="0">
  <testcase classname="com.springernature.SelectCheckboxExample" name="Login" time="9.754"/>
  <system-out/>
  <testcase classname="com.springernature.SelectCheckboxExample" name="Leave" time="8.892"/>
  <system-out/>
  <testcase classname="com.springernature.SelectCheckboxExample" name="Logout" time="4.266"/>
  <system-out/>
</testsuite> <!-- com.springernature.SelectCheckboxExample -->
