<?xml version="1.0" encoding="UTF-8"?>
<!-- Generated by org.testng.reporters.JUnitReportReporter -->
<testsuite hostname="LAINPU1502-0086" failures="0" tests="1" name="com.springernature.Yatra_Mouseover_example" time="121.547" errors="0" timestamp="2022-03-22T12:03:51 IST" skipped="0">
  <testcase classname="com.springernature.Yatra_Mouseover_example" name="MouseHoverYatra" time="121.547"/>
  <system-out/>
</testsuite> <!-- com.springernature.Yatra_Mouseover_example -->
