<?xml version="1.0" encoding="UTF-8"?>
<!-- Generated by org.testng.reporters.JUnitReportReporter -->
<testsuite hostname="LAINPU1502-0086" failures="0" tests="1" name="com.springernature.Headless_Browser" time="16.918" errors="0" timestamp="2022-03-22T11:12:35 IST" skipped="0">
  <testcase classname="com.springernature.Headless_Browser" name="Chrome_Headless" time="16.918"/>
  <system-out/>
</testsuite> <!-- com.springernature.Headless_Browser -->
