<?xml version="1.0" encoding="UTF-8"?>
<!-- Generated by org.testng.reporters.JUnitReportReporter -->
<testsuite hostname="LAINPU1502-0086" failures="0" tests="5" name="com.springernature.OrangeHRM_Login_Scen_Parameter" time="17.807" errors="0" timestamp="2022-03-16T10:44:03 IST" skipped="0">
  <testcase classname="com.springernature.OrangeHRM_Login_Scen_Parameter" name="LoginAllCases" time="1.993"/>
  <system-out/>
  <testcase classname="com.springernature.OrangeHRM_Login_Scen_Parameter" name="LoginAllCases" time="0.276"/>
  <system-out/>
  <testcase classname="com.springernature.OrangeHRM_Login_Scen_Parameter" name="LoginAllCases" time="13.345"/>
  <system-out/>
  <testcase classname="com.springernature.OrangeHRM_Login_Scen_Parameter" name="LoginAllCases" time="0.480"/>
  <system-out/>
  <testcase classname="com.springernature.OrangeHRM_Login_Scen_Parameter" name="LoginAllCases" time="1.713"/>
  <system-out/>
</testsuite> <!-- com.springernature.OrangeHRM_Login_Scen_Parameter -->
