<?xml version="1.0" encoding="UTF-8"?>
<!-- Generated by org.testng.reporters.JUnitReportReporter -->
<testsuite hostname="LAINPU1502-0086" failures="0" tests="1" name="com.springernature.Smoke_testsuit" time="0.017" errors="0" timestamp="2022-03-17T12:00:24 IST" skipped="0">
  <testcase classname="com.springernature.Smoke_testsuit" name="ftest" time="0.017"/>
  <system-out/>
</testsuite> <!-- com.springernature.Smoke_testsuit -->
